<?xml version="1.0" encoding="UTF-8"?>
<testsuite xmlns:xsi="http://www.w3.org/2001/XMLSchema-instance" xsi:noNamespaceSchemaLocation="https://maven.apache.org/surefire/maven-surefire-plugin/xsd/surefire-test-report.xsd" name="logic.helpers.StringHelperTest" time="0.058" tests="3" errors="0" skipped="0" failures="0">
  <properties>
[...]
</properties>
  <testcase name="testIsNumeric" classname="logic.helpers.StringHelperTest" time="0.004"/>
  <testcase name="testIsNumeric_containsLetters" classname="logic.helpers.StringHelperTest" time="0"/>
  <testcase name="testIsNumeric_containsSigns" classname="logic.helpers.StringHelperTest" time="0"/>
</testsuite>